<?xml version="1.0" encoding="UTF-8"?>
<!-- Generated by org.testng.reporters.JUnitXMLReporter -->
<testsuite hostname="PC4155" name="Default test" tests="5" failures="0" timestamp="28 Mar 2017 07:42:09 GMT" time="351.637" errors="0">
  <testcase name="loginTest" time="0.674" classname="com.saf.so.smartoffice.Starter2"/>
  <testcase name="AddBuildingTest" time="33.409" classname="com.saf.so.smartoffice.Starter2"/>
  <testcase name="AddFlrTest" time="18.749" classname="com.saf.so.smartoffice.Starter2"/>
  <testcase name="AddSpacePage" time="34.231" classname="com.saf.so.smartoffice.Starter2"/>
  <testcase name="meetfromicon" time="264.539" classname="com.saf.so.smartoffice.Starter2"/>
</testsuite> <!-- Default test -->
