<?xml version="1.0" encoding="UTF-8"?>
<!-- Generated by org.testng.reporters.JUnitXMLReporter -->
<testsuite hostname="PC4155" name="Chrome Test" tests="6" failures="0" timestamp="13 Apr 2017 09:43:55 GMT" time="1.021" errors="0">
  <testcase name="loginTest" time="0.0" classname="com.saf.so.smartoffice.Starter4">
    <skipped/>
  </testcase> <!-- loginTest -->
  <testcase name="meetfromicon" time="0.0" classname="com.saf.so.smartoffice.Starter4">
    <skipped/>
  </testcase> <!-- meetfromicon -->
  <testcase name="meetfromicon" time="0.0" classname="com.saf.so.smartoffice.Starter4">
    <skipped/>
  </testcase> <!-- meetfromicon -->
  <testcase name="meetfromicon" time="0.0" classname="com.saf.so.smartoffice.Starter4">
    <skipped/>
  </testcase> <!-- meetfromicon -->
  <testcase name="meetfromicon" time="0.0" classname="com.saf.so.smartoffice.Starter4">
    <skipped/>
  </testcase> <!-- meetfromicon -->
  <testcase name="meetfromicon" time="0.0" classname="com.saf.so.smartoffice.Starter4">
    <skipped/>
  </testcase> <!-- meetfromicon -->
</testsuite> <!-- Chrome Test -->
