<?xml version="1.0" encoding="UTF-8"?>
<!-- Generated by org.testng.reporters.JUnitXMLReporter -->
<testsuite hostname="PC4155" name="Internet Explorer Test" tests="6" failures="0" timestamp="13 Apr 2017 09:43:55 GMT" time="1.081" errors="0">
  <testcase name="@BeforeSuite setUp" time="0.0" classname="com.saf.so.smartoffice.Starter4">
    <failure type="java.lang.NullPointerException">
      <![CDATA[java.lang.NullPointerException
	at initiator.BrowserInitiator.setUp(BrowserInitiator.java:37)
... Removed 19 stack frames]]>
    </failure>
  </testcase> <!-- @BeforeSuite setUp -->
  <testcase name="loginTest" time="0.0" classname="com.saf.so.smartoffice.Starter4">
    <skipped/>
  </testcase> <!-- loginTest -->
  <testcase name="meetfromicon" time="0.0" classname="com.saf.so.smartoffice.Starter4">
    <skipped/>
  </testcase> <!-- meetfromicon -->
  <testcase name="meetfromicon" time="0.0" classname="com.saf.so.smartoffice.Starter4">
    <skipped/>
  </testcase> <!-- meetfromicon -->
  <testcase name="meetfromicon" time="0.001" classname="com.saf.so.smartoffice.Starter4">
    <skipped/>
  </testcase> <!-- meetfromicon -->
  <testcase name="meetfromicon" time="0.0" classname="com.saf.so.smartoffice.Starter4">
    <skipped/>
  </testcase> <!-- meetfromicon -->
  <testcase name="meetfromicon" time="0.0" classname="com.saf.so.smartoffice.Starter4">
    <skipped/>
  </testcase> <!-- meetfromicon -->
</testsuite> <!-- Internet Explorer Test -->
