<?xml version="1.0" encoding="UTF-8"?>
<!-- Generated by org.testng.reporters.JUnitXMLReporter -->
<testsuite hostname="PC4155" name="Test" tests="6" failures="0" timestamp="13 Apr 2017 09:59:34 GMT" time="0.96" errors="0">
  <testcase name="@BeforeSuite setUp" time="0.0" classname="initiator.BrowserInitiator">
    <failure type="org.testng.TestNGException" message="
Parameter &amp;apos;browser&amp;apos; is required by @Configuration on method setUp but has not been marked @Optional or defined
in D:\SMARTOFFICE\testng.xml">
      <![CDATA[org.testng.TestNGException: 
Parameter 'browser' is required by @Configuration on method setUp but has not been marked @Optional or defined
in D:\SMARTOFFICE\testng.xml
... Removed 16 stack frames]]>
    </failure>
  </testcase> <!-- @BeforeSuite setUp -->
  <testcase name="loginTest" time="0.006" classname="com.saf.so.smartoffice.Starter4">
    <skipped/>
  </testcase> <!-- loginTest -->
  <testcase name="meetfromicon" time="0.0" classname="com.saf.so.smartoffice.Starter4">
    <skipped/>
  </testcase> <!-- meetfromicon -->
  <testcase name="meetfromicon" time="0.0" classname="com.saf.so.smartoffice.Starter4">
    <skipped/>
  </testcase> <!-- meetfromicon -->
  <testcase name="meetfromicon" time="0.0" classname="com.saf.so.smartoffice.Starter4">
    <skipped/>
  </testcase> <!-- meetfromicon -->
  <testcase name="meetfromicon" time="0.0" classname="com.saf.so.smartoffice.Starter4">
    <skipped/>
  </testcase> <!-- meetfromicon -->
  <testcase name="meetfromicon" time="0.0" classname="com.saf.so.smartoffice.Starter4">
    <skipped/>
  </testcase> <!-- meetfromicon -->
</testsuite> <!-- Test -->
