<?xml version="1.0" encoding="UTF-8"?>
<testng-results skipped="0" failed="1" total="7" passed="6">
  <reporter-output>
    <line>
      <![CDATA[<a href="D:\SMARTOFFICE\Report\Screenshot\30-03-2017_17-24-061.png"> Click on button 'Save'</a> <br />]]>
    </line>
  </reporter-output>
  <suite name="Default suite" duration-ms="125861" started-at="2017-03-30T11:52:38Z" finished-at="2017-03-30T11:54:43Z">
    <groups>
    </groups>
    <test name="Default test" duration-ms="125861" started-at="2017-03-30T11:52:38Z" finished-at="2017-03-30T11:54:43Z">
      <class name="com.saf.so.smartoffice.Starter">
        <test-method status="PASS" signature="setUp()[pri:0, instance:com.saf.so.smartoffice.Starter@204f30ec]" name="setUp" is-config="true" duration-ms="15343" started-at="2017-03-30T17:22:22Z" finished-at="2017-03-30T17:22:38Z">
          <reporter-output>
          </reporter-output>
        </test-method> <!-- setUp -->
        <test-method status="PASS" signature="loginTest()[pri:1, instance:com.saf.so.smartoffice.Starter@204f30ec]" name="loginTest" duration-ms="821" started-at="2017-03-30T17:22:38Z" finished-at="2017-03-30T17:22:38Z">
          <reporter-output>
          </reporter-output>
        </test-method> <!-- loginTest -->
        <test-method status="PASS" signature="AddBuildingTest()[pri:2, instance:com.saf.so.smartoffice.Starter@204f30ec]" name="AddBuildingTest" duration-ms="34255" started-at="2017-03-30T17:22:38Z" finished-at="2017-03-30T17:23:13Z">
          <reporter-output>
          </reporter-output>
        </test-method> <!-- AddBuildingTest -->
        <test-method status="PASS" signature="AddFlrTest()[pri:3, instance:com.saf.so.smartoffice.Starter@204f30ec]" name="AddFlrTest" duration-ms="18757" started-at="2017-03-30T17:23:13Z" finished-at="2017-03-30T17:23:31Z">
          <reporter-output>
          </reporter-output>
        </test-method> <!-- AddFlrTest -->
        <test-method status="PASS" signature="AddSpacePage()[pri:4, instance:com.saf.so.smartoffice.Starter@204f30ec]" name="AddSpacePage" duration-ms="34898" started-at="2017-03-30T17:23:31Z" finished-at="2017-03-30T17:24:06Z">
          <reporter-output>
            <line>
              <![CDATA[<a href="D:\SMARTOFFICE\Report\Screenshot\30-03-2017_17-24-061.png"> Click on button 'Save'</a> <br />]]>
            </line>
          </reporter-output>
        </test-method> <!-- AddSpacePage -->
        <test-method status="PASS" signature="meetingcreate()[pri:5, instance:com.saf.so.smartoffice.Starter@204f30ec]" name="meetingcreate" duration-ms="17502" started-at="2017-03-30T17:24:06Z" finished-at="2017-03-30T17:24:24Z">
          <reporter-output>
          </reporter-output>
        </test-method> <!-- meetingcreate -->
        <test-method status="PASS" signature="meetingbook(java.util.Hashtable)[pri:6, instance:com.saf.so.smartoffice.Starter@204f30ec]" name="meetingbook" duration-ms="4462" started-at="2017-03-30T17:24:25Z" data-provider="readData" finished-at="2017-03-30T17:24:29Z">
          <params>
            <param index="0">
              <value>
                <![CDATA[{email=biswajit.ghosh@softwebsolutions.com, catering=Tea  and coffee required, amenities=Extra chairs required, venue=Auda Garden, title=Meeting on Thursday at softweb}]]>
              </value>
            </param>
          </params>
          <reporter-output>
          </reporter-output>
        </test-method> <!-- meetingbook -->
        <test-method status="FAIL" signature="meetingbook(java.util.Hashtable)[pri:6, instance:com.saf.so.smartoffice.Starter@204f30ec]" name="meetingbook" duration-ms="14060" started-at="2017-03-30T17:24:29Z" data-provider="readData" finished-at="2017-03-30T17:24:43Z">
          <params>
            <param index="0">
              <value>
                <![CDATA[{email=biswajit.ghosh2@softwebsolutions.com, catering=test, amenities=test, venue=test, title=title}]]>
              </value>
            </param>
          </params>
          <exception class="org.openqa.selenium.NoSuchElementException">
            <message>
              <![CDATA[Unable to locate element: #title
For documentation on this error, please visit: http://seleniumhq.org/exceptions/no_such_element.html
Build info: version: '3.0.0-beta4', revision: '3169782', time: '2016-09-29 10:30:04 -0700'
System info: host: 'PC4155', ip: '192.168.4.155', os.name: 'Windows 7', os.arch: 'amd64', os.version: '6.1', java.version: '1.8.0_121'
Driver info: org.openqa.selenium.firefox.FirefoxDriver
Capabilities [{rotatable=false, raisesAccessibilityExceptions=false, marionette=true, appBuildId=20170125094131, version=, platform=XP, proxy={}, command_id=1, specificationLevel=0, acceptSslCerts=false, processId=7856, browserVersion=51.0.1, platformVersion=6.1, XULappId={ec8030f7-c20a-464f-9b0e-13a3a9e97384}, browserName=firefox, takesScreenshot=true, takesElementScreenshot=true, platformName=windows_nt}]
Session ID: e899c2de-81d5-43ea-8507-dec679ce160c
*** Element info: {Using=id, value=title}]]>
            </message>
            <full-stacktrace>
              <![CDATA[org.openqa.selenium.NoSuchElementException: Unable to locate element: #title
For documentation on this error, please visit: http://seleniumhq.org/exceptions/no_such_element.html
Build info: version: '3.0.0-beta4', revision: '3169782', time: '2016-09-29 10:30:04 -0700'
System info: host: 'PC4155', ip: '192.168.4.155', os.name: 'Windows 7', os.arch: 'amd64', os.version: '6.1', java.version: '1.8.0_121'
Driver info: org.openqa.selenium.firefox.FirefoxDriver
Capabilities [{rotatable=false, raisesAccessibilityExceptions=false, marionette=true, appBuildId=20170125094131, version=, platform=XP, proxy={}, command_id=1, specificationLevel=0, acceptSslCerts=false, processId=7856, browserVersion=51.0.1, platformVersion=6.1, XULappId={ec8030f7-c20a-464f-9b0e-13a3a9e97384}, browserName=firefox, takesScreenshot=true, takesElementScreenshot=true, platformName=windows_nt}]
Session ID: e899c2de-81d5-43ea-8507-dec679ce160c
*** Element info: {Using=id, value=title}
	at sun.reflect.NativeConstructorAccessorImpl.newInstance0(Native Method)
	at sun.reflect.NativeConstructorAccessorImpl.newInstance(Unknown Source)
	at sun.reflect.DelegatingConstructorAccessorImpl.newInstance(Unknown Source)
	at java.lang.reflect.Constructor.newInstance(Unknown Source)
	at org.openqa.selenium.remote.http.W3CHttpResponseCodec.createException(W3CHttpResponseCodec.java:126)
	at org.openqa.selenium.remote.http.W3CHttpResponseCodec.decode(W3CHttpResponseCodec.java:93)
	at org.openqa.selenium.remote.http.W3CHttpResponseCodec.decode(W3CHttpResponseCodec.java:42)
	at org.openqa.selenium.remote.HttpCommandExecutor.execute(HttpCommandExecutor.java:163)
	at org.openqa.selenium.remote.service.DriverCommandExecutor.execute(DriverCommandExecutor.java:82)
	at org.openqa.selenium.remote.RemoteWebDriver.execute(RemoteWebDriver.java:602)
	at org.openqa.selenium.remote.RemoteWebDriver.findElement(RemoteWebDriver.java:369)
	at org.openqa.selenium.remote.RemoteWebDriver.findElementById(RemoteWebDriver.java:418)
	at org.openqa.selenium.By$ById.findElement(By.java:218)
	at org.openqa.selenium.remote.RemoteWebDriver.findElement(RemoteWebDriver.java:361)
	at org.openqa.selenium.support.pagefactory.DefaultElementLocator.findElement(DefaultElementLocator.java:69)
	at org.openqa.selenium.support.pagefactory.internal.LocatingElementHandler.invoke(LocatingElementHandler.java:38)
	at com.sun.proxy.$Proxy8.sendKeys(Unknown Source)
	at smartoffice.pages.BookMeetingPage.bookameeting(BookMeetingPage.java:56)
	at com.saf.so.smartoffice.Starter.meetingbook(Starter.java:58)
	at sun.reflect.NativeMethodAccessorImpl.invoke0(Native Method)
	at sun.reflect.NativeMethodAccessorImpl.invoke(Unknown Source)
	at sun.reflect.DelegatingMethodAccessorImpl.invoke(Unknown Source)
	at java.lang.reflect.Method.invoke(Unknown Source)
	at org.testng.internal.MethodInvocationHelper.invokeMethod(MethodInvocationHelper.java:100)
	at org.testng.internal.Invoker.invokeMethod(Invoker.java:646)
	at org.testng.internal.Invoker.invokeTestMethod(Invoker.java:811)
	at org.testng.internal.Invoker.invokeTestMethods(Invoker.java:1129)
	at org.testng.internal.TestMethodWorker.invokeTestMethods(TestMethodWorker.java:129)
	at org.testng.internal.TestMethodWorker.run(TestMethodWorker.java:112)
	at org.testng.TestRunner.privateRun(TestRunner.java:746)
	at org.testng.TestRunner.run(TestRunner.java:600)
	at org.testng.SuiteRunner.runTest(SuiteRunner.java:366)
	at org.testng.SuiteRunner.runSequentially(SuiteRunner.java:361)
	at org.testng.SuiteRunner.privateRun(SuiteRunner.java:319)
	at org.testng.SuiteRunner.run(SuiteRunner.java:268)
	at org.testng.SuiteRunnerWorker.runSuite(SuiteRunnerWorker.java:52)
	at org.testng.SuiteRunnerWorker.run(SuiteRunnerWorker.java:86)
	at org.testng.TestNG.runSuitesSequentially(TestNG.java:1264)
	at org.testng.TestNG.runSuitesLocally(TestNG.java:1189)
	at org.testng.TestNG.runSuites(TestNG.java:1104)
	at org.testng.TestNG.run(TestNG.java:1076)
	at org.testng.remote.AbstractRemoteTestNG.run(AbstractRemoteTestNG.java:126)
	at org.testng.remote.RemoteTestNG.initAndRun(RemoteTestNG.java:152)
	at org.testng.remote.RemoteTestNG.main(RemoteTestNG.java:57)
]]>
            </full-stacktrace>
          </exception> <!-- org.openqa.selenium.NoSuchElementException -->
          <reporter-output>
          </reporter-output>
        </test-method> <!-- meetingbook -->
        <test-method status="PASS" signature="destory()[pri:0, instance:com.saf.so.smartoffice.Starter@204f30ec]" name="destory" is-config="true" duration-ms="1567" started-at="2017-03-30T17:24:44Z" finished-at="2017-03-30T17:24:45Z">
          <reporter-output>
          </reporter-output>
        </test-method> <!-- destory -->
      </class> <!-- com.saf.so.smartoffice.Starter -->
    </test> <!-- Default test -->
  </suite> <!-- Default suite -->
</testng-results>
